PLEASE ENTER
1) lff :To load from file
2) setup :To setup board
3) game :To start game
ENTER FILE NAME:
8 k_ _ _ _
7 _ _ _ _ 
6  _ _ _ _
5 _ _ _ _ 
4  _ _q_ _
3 _ N _ K 
2  _ _ _ _
1 _b_ _ _ 

  abcdefgh
PLEASE ENTER
1) lff :To load from file
2) setup :To setup board
3) game :To start game
WHITE PLAYER, PLEASE ENTER:
1) human
2) computer[1]
3) computer[2]
BLACK PLAYER
STARTING GAME
ENTER WHITE'S MOVE:
resign : to resign game
move : to move piece
undo : to undo last move
8 k_ _ _ _
7 _ _ _ _ 
6  _ _ _ _
5 _ _ _ _ 
4  _ _q_ _
3 _ N _ _K
2  _ _ _ _
1 _b_ _ _ 

  abcdefgh
ENTER BLACK'S MOVE:
8 k_ _ _ _
7 _ _ _ _ 
6  _ _ _ _
5 _ _ _ _ 
4  _ _q_ _
3 _ N _ _K
2  _b_ _ _
1 _ _ _ _ 

  abcdefgh
ENTER WHITE'S MOVE:
resign : to resign game
move : to move piece
undo : to undo last move
8 k_ _ _ _
7 _ _ _ _ 
6  _ _ _ _
5 _ _ _ _ 
4  _ _q_ _
3 _ N _ _K
2  _b_ _ _
1 _ _ _ _ 

  abcdefgh
Black wins!
PLEASE ENTER
1) lff :To load from file
2) setup :To setup board
3) game :To start game
Final Score
White: 0
Black: 1
